This is pdfTeX, Version 3.1415926-2.5-1.40.14 (MiKTeX 2.9) (preloaded format=pdflatex 2015.3.13)  13 MAR 2015 01:10
entering extended mode
**FreeMagNew2015.tex
(C:\Users\Marouen\Documents\GitHub\Freeways-Magazine\FreeMagNew2015.tex
LaTeX2e <2011/06/27>
Babel <v3.8m> and hyphenation patterns for english, afrikaans, ancientgreek, ar
abic, armenian, assamese, basque, bengali, bokmal, bulgarian, catalan, coptic, 
croatian, czech, danish, dutch, esperanto, estonian, farsi, finnish, french, ga
lician, german, german-x-2013-05-26, greek, gujarati, hindi, hungarian, iceland
ic, indonesian, interlingua, irish, italian, kannada, kurmanji, latin, latvian,
 lithuanian, malayalam, marathi, mongolian, mongolianlmc, monogreek, ngerman, n
german-x-2013-05-26, nynorsk, oriya, panjabi, pinyin, polish, portuguese, roman
ian, russian, sanskrit, serbian, slovak, slovenian, spanish, swedish, swissgerm
an, tamil, telugu, turkish, turkmen, ukenglish, ukrainian, uppersorbian, usengl
ishmax, welsh, loaded.
("D:\Program Files (x86)\MiKTeX 2.9\tex\latex\base\book.cls"
Document Class: book 2007/10/19 v1.4h Standard LaTeX document class
("D:\Program Files (x86)\MiKTeX 2.9\tex\latex\base\bk11.clo"
File: bk11.clo 2007/10/19 v1.4h Standard LaTeX file (size option)
)
\c@part=\count79
\c@chapter=\count80
\c@section=\count81
\c@subsection=\count82
\c@subsubsection=\count83
\c@paragraph=\count84
\c@subparagraph=\count85
\c@figure=\count86
\c@table=\count87
\abovecaptionskip=\skip41
\belowcaptionskip=\skip42
\bibindent=\dimen102
)
(C:\Users\Marouen\Documents\GitHub\Freeways-Magazine\article/FreeMagMAMD.sty

LaTeX Warning: You have requested package `article/FreeMagMAMD',
               but the package provides `FreeMag'.

Package: FreeMag 11/10/2014 v1.0 FreeMag

Package FreeMag Warning: FreeMag on input line 3.

("D:\Program Files (x86)\MiKTeX 2.9\tex\latex\base\inputenc.sty"
Package: inputenc 2008/03/30 v1.1d Input encoding file
\inpenc@prehook=\toks14
\inpenc@posthook=\toks15

("D:\Program Files (x86)\MiKTeX 2.9\tex\latex\base\latin1.def"
File: latin1.def 2008/03/30 v1.1d Input encoding file
))
("D:\Program Files (x86)\MiKTeX 2.9\tex\latex\base\fontenc.sty"
Package: fontenc 2005/09/27 v1.99g Standard LaTeX package

("D:\Program Files (x86)\MiKTeX 2.9\tex\latex\base\t1enc.def"
File: t1enc.def 2005/09/27 v1.99g Standard LaTeX file
LaTeX Font Info:    Redeclaring font encoding T1 on input line 43.
))
(C:\Users\Marouen\AppData\Roaming\MiKTeX\2.9\tex\latex\wallpaper\wallpaper.sty
Package: wallpaper 2005/01/18, v1.01 easy wallpaper formatting (MHFW)

("D:\Program Files (x86)\MiKTeX 2.9\tex\latex\base\ifthen.sty"
Package: ifthen 2001/05/26 v1.1c Standard LaTeX ifthen package (DPC)
)
("D:\Program Files (x86)\MiKTeX 2.9\tex\latex\tools\calc.sty"
Package: calc 2007/08/22 v4.3 Infix arithmetic (KKT,FJ)
\calc@Acount=\count88
\calc@Bcount=\count89
\calc@Adimen=\dimen103
\calc@Bdimen=\dimen104
\calc@Askip=\skip43
\calc@Bskip=\skip44
LaTeX Info: Redefining \setlength on input line 76.
LaTeX Info: Redefining \addtolength on input line 77.
\calc@Ccount=\count90
\calc@Cskip=\skip45
)
(C:\Users\Marouen\AppData\Roaming\MiKTeX\2.9\tex\latex\eso-pic\eso-pic.sty
Package: eso-pic 2013/10/06 v2.0d eso-pic (RN)

("D:\Program Files (x86)\MiKTeX 2.9\tex\generic\oberdiek\atbegshi.sty"
Package: atbegshi 2011/10/05 v1.16 At begin shipout hook (HO)

("D:\Program Files (x86)\MiKTeX 2.9\tex\generic\oberdiek\infwarerr.sty"
Package: infwarerr 2010/04/08 v1.3 Providing info/warning/error messages (HO)
)
("D:\Program Files (x86)\MiKTeX 2.9\tex\generic\oberdiek\ltxcmds.sty"
Package: ltxcmds 2011/11/09 v1.22 LaTeX kernel commands for general use (HO)
)
("D:\Program Files (x86)\MiKTeX 2.9\tex\generic\oberdiek\ifpdf.sty"
Package: ifpdf 2011/01/30 v2.3 Provides the ifpdf switch (HO)
Package ifpdf Info: pdfTeX in PDF mode is detected.
))
("D:\Program Files (x86)\MiKTeX 2.9\tex\latex\graphics\keyval.sty"
Package: keyval 1999/03/16 v1.13 key=value parser (DPC)
\KV@toks@=\toks16
)
(C:\Users\Marouen\AppData\Roaming\MiKTeX\2.9\tex\latex\xcolor\xcolor.sty
Package: xcolor 2007/01/21 v2.11 LaTeX color extensions (UK)

("D:\Program Files (x86)\MiKTeX 2.9\tex\latex\00miktex\color.cfg"
File: color.cfg 2007/01/18 v1.5 color configuration of teTeX/TeXLive
)
Package xcolor Info: Driver file: pdftex.def on input line 225.

("D:\Program Files (x86)\MiKTeX 2.9\tex\latex\pdftex-def\pdftex.def"
File: pdftex.def 2011/05/27 v0.06d Graphics/color for pdfTeX
\Gread@gobject=\count91
)
Package xcolor Info: Model `cmy' substituted by `cmy0' on input line 1337.
Package xcolor Info: Model `hsb' substituted by `rgb' on input line 1341.
Package xcolor Info: Model `RGB' extended on input line 1353.
Package xcolor Info: Model `HTML' substituted by `rgb' on input line 1355.
Package xcolor Info: Model `Hsb' substituted by `hsb' on input line 1356.
Package xcolor Info: Model `tHsb' substituted by `hsb' on input line 1357.
Package xcolor Info: Model `HSB' substituted by `hsb' on input line 1358.
Package xcolor Info: Model `Gray' substituted by `gray' on input line 1359.
Package xcolor Info: Model `wave' substituted by `hsb' on input line 1360.

(C:\Users\Marouen\AppData\Roaming\MiKTeX\2.9\tex\latex\xcolor\svgnam.def
File: svgnam.def 2007/01/21 v2.11 Predefined colors according to SVG 1.1 (UK)
)
(C:\Users\Marouen\AppData\Roaming\MiKTeX\2.9\tex\latex\xcolor\x11nam.def
File: x11nam.def 2007/01/21 v2.11 Predefined colors according to Unix/X11 (UK)
)))
("D:\Program Files (x86)\MiKTeX 2.9\tex\latex\graphics\graphicx.sty"
Package: graphicx 1999/02/16 v1.0f Enhanced LaTeX Graphics (DPC,SPQR)

("D:\Program Files (x86)\MiKTeX 2.9\tex\latex\graphics\graphics.sty"
Package: graphics 2009/02/05 v1.0o Standard LaTeX Graphics (DPC,SPQR)

("D:\Program Files (x86)\MiKTeX 2.9\tex\latex\graphics\trig.sty"
Package: trig 1999/03/16 v1.09 sin cos tan (DPC)
)
("D:\Program Files (x86)\MiKTeX 2.9\tex\latex\00miktex\graphics.cfg"
File: graphics.cfg 2007/01/18 v1.5 graphics configuration of teTeX/TeXLive
)
Package graphics Info: Driver file: pdftex.def on input line 91.
)
\Gin@req@height=\dimen105
\Gin@req@width=\dimen106
)
\wpXoffset=\skip46
\wpYoffset=\skip47
\tileXoffset=\skip48
\tileYoffset=\skip49
\tilewidth=\skip50
\tileheight=\skip51
\tileX=\skip52
\tileY=\skip53
)
(C:\Users\Marouen\AppData\Roaming\MiKTeX\2.9\tex\latex\changepage\changepage.st
y
Package: changepage 2009/10/20 v1.0c check page and change page layout
\c@cp@cntr=\count92
\cp@tempcnt=\count93
) (C:\Users\Marouen\AppData\Roaming\MiKTeX\2.9\tex\latex\titlesec\titlesec.sty
Package: titlesec 2011/12/15 v2.10.0 Sectioning titles
\ttl@box=\box26
\beforetitleunit=\skip54
\aftertitleunit=\skip55
\ttl@plus=\dimen107
\ttl@minus=\dimen108
\ttl@toksa=\toks17
\titlewidth=\dimen109
\titlewidthlast=\dimen110
\titlewidthfirst=\dimen111
) (C:\Users\Marouen\AppData\Roaming\MiKTeX\2.9\tex\latex\fancyhdr\fancyhdr.sty
\fancy@headwidth=\skip56
\f@ncyO@elh=\skip57
\f@ncyO@erh=\skip58
\f@ncyO@olh=\skip59
\f@ncyO@orh=\skip60
\f@ncyO@elf=\skip61
\f@ncyO@erf=\skip62
\f@ncyO@olf=\skip63
\f@ncyO@orf=\skip64
) (C:\Users\Marouen\AppData\Roaming\MiKTeX\2.9\tex\latex\wrapfig\wrapfig.sty
\wrapoverhang=\dimen112
\WF@size=\dimen113
\c@WF@wrappedlines=\count94
\WF@box=\box27
\WF@everypar=\toks18
Package: wrapfig 2003/01/31  v 3.6
)
("D:\Program Files (x86)\MiKTeX 2.9\tex\latex\multirow\multirow.sty"
\bigstrutjot=\dimen114
)
("D:\Program Files (x86)\MiKTeX 2.9\tex\latex\tools\multicol.sty"
Package: multicol 2011/06/27 v1.7a multicolumn formatting (FMi)
\c@tracingmulticols=\count95
\mult@box=\box28
\multicol@leftmargin=\dimen115
\c@unbalance=\count96
\c@collectmore=\count97
\doublecol@number=\count98
\multicoltolerance=\count99
\multicolpretolerance=\count100
\full@width=\dimen116
\page@free=\dimen117
\premulticols=\dimen118
\postmulticols=\dimen119
\multicolsep=\skip65
\multicolbaselineskip=\skip66
\partial@page=\box29
\last@line=\box30
\mult@rightbox=\box31
\mult@grightbox=\box32
\mult@gfirstbox=\box33
\mult@firstbox=\box34
\@tempa=\box35
\@tempa=\box36
\@tempa=\box37
\@tempa=\box38
\@tempa=\box39
\@tempa=\box40
\@tempa=\box41
\@tempa=\box42
\@tempa=\box43
\@tempa=\box44
\@tempa=\box45
\@tempa=\box46
\@tempa=\box47
\@tempa=\box48
\@tempa=\box49
\@tempa=\box50
\@tempa=\box51
\c@columnbadness=\count101
\c@finalcolumnbadness=\count102
\last@try=\dimen120
\multicolovershoot=\dimen121
\multicolundershoot=\dimen122
\mult@nat@firstbox=\box52
\colbreak@box=\box53
\multicol@sort@counter=\count103
)
(C:\Users\Marouen\AppData\Roaming\MiKTeX\2.9\tex\latex\colortbl\colortbl.sty
Package: colortbl 2012/02/13 v1.0a Color table columns (DPC)

("D:\Program Files (x86)\MiKTeX 2.9\tex\latex\tools\array.sty"
Package: array 2008/09/09 v2.4c Tabular extension package (FMi)
\col@sep=\dimen123
\extrarowheight=\dimen124
\NC@list=\toks19
\extratabsurround=\skip67
\backup@length=\skip68
)
\everycr=\toks20
\minrowclearance=\skip69
)
("D:\Program Files (x86)\MiKTeX 2.9\tex\latex\pslatex\pslatex.sty"
Package: pslatex 1996/07/24 v1.2 pslatex emulation (DPC)
LaTeX Font Info:    Redeclaring symbol font `operators' on input line 65.
LaTeX Font Info:    Overwriting symbol font `operators' in version `normal'
(Font)                  OT1/cmr/m/n --> OT1/ptmcm/m/n on input line 65.
LaTeX Font Info:    Overwriting symbol font `operators' in version `bold'
(Font)                  OT1/cmr/bx/n --> OT1/ptmcm/m/n on input line 65.
LaTeX Font Info:    Redeclaring symbol font `letters' on input line 66.
LaTeX Font Info:    Overwriting symbol font `letters' in version `normal'
(Font)                  OML/cmm/m/it --> OML/ptmcm/m/it on input line 66.
LaTeX Font Info:    Overwriting symbol font `letters' in version `bold'
(Font)                  OML/cmm/b/it --> OML/ptmcm/m/it on input line 66.
LaTeX Font Info:    Redeclaring symbol font `symbols' on input line 67.
LaTeX Font Info:    Overwriting symbol font `symbols' in version `normal'
(Font)                  OMS/cmsy/m/n --> OMS/pzccm/m/n on input line 67.
LaTeX Font Info:    Overwriting symbol font `symbols' in version `bold'
(Font)                  OMS/cmsy/b/n --> OMS/pzccm/m/n on input line 67.
LaTeX Font Info:    Redeclaring symbol font `largesymbols' on input line 68.
LaTeX Font Info:    Overwriting symbol font `largesymbols' in version `normal'
(Font)                  OMX/cmex/m/n --> OMX/psycm/m/n on input line 68.
LaTeX Font Info:    Overwriting symbol font `largesymbols' in version `bold'
(Font)                  OMX/cmex/m/n --> OMX/psycm/m/n on input line 68.
\symbold=\mathgroup4
\symitalic=\mathgroup5
LaTeX Font Info:    Redeclaring math alphabet \mathbf on input line 74.
LaTeX Font Info:    Overwriting math alphabet `\mathbf' in version `normal'
(Font)                  OT1/cmr/bx/n --> OT1/ptm/bx/n on input line 74.
LaTeX Font Info:    Overwriting math alphabet `\mathbf' in version `bold'
(Font)                  OT1/cmr/bx/n --> OT1/ptm/bx/n on input line 74.
LaTeX Font Info:    Redeclaring math alphabet \mathit on input line 75.
LaTeX Font Info:    Overwriting math alphabet `\mathit' in version `normal'
(Font)                  OT1/cmr/m/it --> OT1/ptm/m/it on input line 75.
LaTeX Font Info:    Overwriting math alphabet `\mathit' in version `bold'
(Font)                  OT1/cmr/bx/it --> OT1/ptm/m/it on input line 75.
)
(C:\Users\Marouen\AppData\Roaming\MiKTeX\2.9\tex\latex\lettrine\lettrine.sty
File: lettrine.sty 2015/02/16 v1.8 (Daniel Flipo)
\c@DefaultLines=\count104
\c@DefaultDepth=\count105
\DefaultFindent=\dimen125
\DefaultNindent=\dimen126
\DefaultSlope=\dimen127
\DiscardVskip=\dimen128
\L@lbox=\box54
\L@tbox=\box55
\c@L@lines=\count106
\c@L@depth=\count107
\L@Pindent=\dimen129
\L@Findent=\dimen130
\L@Nindent=\dimen131
\L@lraise=\dimen132
\L@first=\dimen133
\L@next=\dimen134
\L@slope=\dimen135
\L@height=\dimen136
\L@novskip=\dimen137
\LettrineWidth=\dimen138
\LettrineHeight=\dimen139
\LettrineDepth=\dimen140

Loading lettrine.cfg
(C:\Users\Marouen\AppData\Roaming\MiKTeX\2.9\tex\latex\lettrine\lettrine.cfg))
("D:\Program Files (x86)\MiKTeX 2.9\tex\latex\psnfss\pifont.sty"
Package: pifont 2005/04/12 PSNFSS-v9.2a Pi font support (SPQR) 
LaTeX Font Info:    Try loading font information for U+pzd on input line 63.

("D:\Program Files (x86)\MiKTeX 2.9\tex\latex\psnfss\upzd.fd"
File: upzd.fd 2001/06/04 font definitions for U/pzd.
)
LaTeX Font Info:    Try loading font information for U+psy on input line 64.

("D:\Program Files (x86)\MiKTeX 2.9\tex\latex\psnfss\upsy.fd"
File: upsy.fd 2001/06/04 font definitions for U/psy.
))
(C:\Users\Marouen\AppData\Roaming\MiKTeX\2.9\tex\latex\fancybox\fancybox.sty
Package: fancybox 2010/05/15 1.4

Style option: `fancybox' v1.4 <2010/05/15> (tvz)
\@fancybox=\box56
\shadowsize=\dimen141
\@Sbox=\box57
\do@VerbBox=\toks21
\the@fancyput=\toks22
\this@fancyput=\toks23
\EndVerbatimTokens=\toks24
\Verbatim@Outfile=\write3
\Verbatim@Infile=\read1
) (C:\Users\Marouen\AppData\Roaming\MiKTeX\2.9\tex\latex\listings\listings.sty
\lst@mode=\count108
\lst@gtempboxa=\box58
\lst@token=\toks25
\lst@length=\count109
\lst@currlwidth=\dimen142
\lst@column=\count110
\lst@pos=\count111
\lst@lostspace=\dimen143
\lst@width=\dimen144
\lst@newlines=\count112
\lst@lineno=\count113
\lst@maxwidth=\dimen145

(C:\Users\Marouen\AppData\Roaming\MiKTeX\2.9\tex\latex\listings\lstmisc.sty
File: lstmisc.sty 2014/09/06 1.5e (Carsten Heinz)
\c@lstnumber=\count114
\lst@skipnumbers=\count115
\lst@framebox=\box59
)
(C:\Users\Marouen\AppData\Roaming\MiKTeX\2.9\tex\latex\listings\listings.cfg
File: listings.cfg 2014/09/06 1.5e listings configuration
))
Package: listings 2014/09/06 1.5e (Carsten Heinz)

("D:\Program Files (x86)\MiKTeX 2.9\tex\latex\oberdiek\listingsutf8.sty"
Package: listingsutf8 2011/11/10 v1.2 Allow UTF-8 in listings input (HO)

("D:\Program Files (x86)\MiKTeX 2.9\tex\generic\oberdiek\pdftexcmds.sty"
Package: pdftexcmds 2011/11/29 v0.20 Utility functions of pdfTeX for LuaTeX (HO
)

("D:\Program Files (x86)\MiKTeX 2.9\tex\generic\oberdiek\ifluatex.sty"
Package: ifluatex 2010/03/01 v1.3 Provides the ifluatex switch (HO)
Package ifluatex Info: LuaTeX not detected.
)
Package pdftexcmds Info: LuaTeX not detected.
Package pdftexcmds Info: \pdf@primitive is available.
Package pdftexcmds Info: \pdf@ifprimitive is available.
Package pdftexcmds Info: \pdfdraftmode found.
)
("D:\Program Files (x86)\MiKTeX 2.9\tex\generic\oberdiek\stringenc.sty"
Package: stringenc 2011/12/02 v1.10 Convert strings between diff. encodings (HO
)

("D:\Program Files (x86)\MiKTeX 2.9\tex\generic\oberdiek\pdfescape.sty"
Package: pdfescape 2011/11/25 v1.13 Implements pdfTeX's escape features (HO)
)))
(C:\Users\Marouen\AppData\Roaming\MiKTeX\2.9\tex\latex\marvosym\marvosym.sty
Package: marvosym 2011/07/20 v2.2 Martin Vogel's Symbols font definitions
)
("D:\Program Files (x86)\MiKTeX 2.9\tex\latex\psnfss\charter.sty"
Package: charter 2005/04/12 PSNFSS-v9.2a (P.Dyballa) 
)
(C:\Users\Marouen\AppData\Roaming\MiKTeX\2.9\tex\latex\blindtext\blindtext.sty
Package: blindtext 2012/01/06 V2.0 blindtext-Package

("D:\Program Files (x86)\MiKTeX 2.9\tex\latex\tools\xspace.sty"
Package: xspace 2009/10/20 v1.13 Space after command names (DPC,MH)
)
\c@blindtext=\count116
\c@Blindtext=\count117
\c@blind@countparstart=\count118
\blind@countxx=\count119
\blindtext@numBlindtext=\count120
\blind@countyy=\count121
\c@blindlist=\count122
\c@blindlistlevel=\count123
\c@blindlist@level=\count124
\blind@listitem=\count125
\c@blind@listcount=\count126
\c@blind@levelcount=\count127
\blind@mathformula=\count128
\blind@Mathformula=\count129
\c@blind@randomcount=\count130
\c@blind@randommax=\count131
\c@blind@pangramcount=\count132
\c@blind@pangrammax=\count133
)
(C:\Users\Marouen\AppData\Roaming\MiKTeX\2.9\tex\latex\pgf\frontendlayer\tikz.s
ty
(C:\Users\Marouen\AppData\Roaming\MiKTeX\2.9\tex\latex\pgf\basiclayer\pgf.sty
(C:\Users\Marouen\AppData\Roaming\MiKTeX\2.9\tex\latex\pgf\utilities\pgfrcs.sty

(C:\Users\Marouen\AppData\Roaming\MiKTeX\2.9\tex\generic\pgf\utilities\pgfutil-
common.tex
\pgfutil@everybye=\toks26
\pgfutil@tempdima=\dimen146
\pgfutil@tempdimb=\dimen147

(C:\Users\Marouen\AppData\Roaming\MiKTeX\2.9\tex\generic\pgf\utilities\pgfutil-
common-lists.tex))
(C:\Users\Marouen\AppData\Roaming\MiKTeX\2.9\tex\generic\pgf\utilities\pgfutil-
latex.def
\pgfutil@abb=\box60

(C:\Users\Marouen\AppData\Roaming\MiKTeX\2.9\tex\latex\ms\everyshi.sty
Package: everyshi 2001/05/15 v3.00 EveryShipout Package (MS)
))
(C:\Users\Marouen\AppData\Roaming\MiKTeX\2.9\tex\generic\pgf\utilities\pgfrcs.c
ode.tex
Package: pgfrcs 2013/12/20 v3.0.0 (rcs-revision 1.28)
))
Package: pgf 2013/12/18 v3.0.0 (rcs-revision 1.14)

(C:\Users\Marouen\AppData\Roaming\MiKTeX\2.9\tex\latex\pgf\basiclayer\pgfcore.s
ty
(C:\Users\Marouen\AppData\Roaming\MiKTeX\2.9\tex\latex\pgf\systemlayer\pgfsys.s
ty
(C:\Users\Marouen\AppData\Roaming\MiKTeX\2.9\tex\generic\pgf\systemlayer\pgfsys
.code.tex
Package: pgfsys 2013/11/30 v3.0.0 (rcs-revision 1.47)

(C:\Users\Marouen\AppData\Roaming\MiKTeX\2.9\tex\generic\pgf\utilities\pgfkeys.
code.tex
\pgfkeys@pathtoks=\toks27
\pgfkeys@temptoks=\toks28

(C:\Users\Marouen\AppData\Roaming\MiKTeX\2.9\tex\generic\pgf\utilities\pgfkeysf
iltered.code.tex
\pgfkeys@tmptoks=\toks29
))
\pgf@x=\dimen148
\pgf@y=\dimen149
\pgf@xa=\dimen150
\pgf@ya=\dimen151
\pgf@xb=\dimen152
\pgf@yb=\dimen153
\pgf@xc=\dimen154
\pgf@yc=\dimen155
\w@pgf@writea=\write4
\r@pgf@reada=\read2
\c@pgf@counta=\count134
\c@pgf@countb=\count135
\c@pgf@countc=\count136
\c@pgf@countd=\count137
\t@pgf@toka=\toks30
\t@pgf@tokb=\toks31
\t@pgf@tokc=\toks32

(C:\Users\Marouen\AppData\Roaming\MiKTeX\2.9\tex\generic\pgf\systemlayer\pgf.cf
g
File: pgf.cfg 2008/05/14  (rcs-revision 1.7)
)
Driver file for pgf: pgfsys-pdftex.def

(C:\Users\Marouen\AppData\Roaming\MiKTeX\2.9\tex\generic\pgf\systemlayer\pgfsys
-pdftex.def
File: pgfsys-pdftex.def 2013/07/18  (rcs-revision 1.33)

(C:\Users\Marouen\AppData\Roaming\MiKTeX\2.9\tex\generic\pgf\systemlayer\pgfsys
-common-pdf.def
File: pgfsys-common-pdf.def 2013/10/10  (rcs-revision 1.13)
)))
(C:\Users\Marouen\AppData\Roaming\MiKTeX\2.9\tex\generic\pgf\systemlayer\pgfsys
softpath.code.tex
File: pgfsyssoftpath.code.tex 2013/09/09  (rcs-revision 1.9)
\pgfsyssoftpath@smallbuffer@items=\count138
\pgfsyssoftpath@bigbuffer@items=\count139
)
(C:\Users\Marouen\AppData\Roaming\MiKTeX\2.9\tex\generic\pgf\systemlayer\pgfsys
protocol.code.tex
File: pgfsysprotocol.code.tex 2006/10/16  (rcs-revision 1.4)
))
(C:\Users\Marouen\AppData\Roaming\MiKTeX\2.9\tex\generic\pgf\basiclayer\pgfcore
.code.tex
Package: pgfcore 2010/04/11 v3.0.0 (rcs-revision 1.7)

(C:\Users\Marouen\AppData\Roaming\MiKTeX\2.9\tex\generic\pgf\math\pgfmath.code.
tex
(C:\Users\Marouen\AppData\Roaming\MiKTeX\2.9\tex\generic\pgf\math\pgfmathcalc.c
ode.tex
(C:\Users\Marouen\AppData\Roaming\MiKTeX\2.9\tex\generic\pgf\math\pgfmathutil.c
ode.tex)
(C:\Users\Marouen\AppData\Roaming\MiKTeX\2.9\tex\generic\pgf\math\pgfmathparser
.code.tex
\pgfmath@dimen=\dimen156
\pgfmath@count=\count140
\pgfmath@box=\box61
\pgfmath@toks=\toks33
\pgfmath@stack@operand=\toks34
\pgfmath@stack@operation=\toks35
)
(C:\Users\Marouen\AppData\Roaming\MiKTeX\2.9\tex\generic\pgf\math\pgfmathfuncti
ons.code.tex
(C:\Users\Marouen\AppData\Roaming\MiKTeX\2.9\tex\generic\pgf\math\pgfmathfuncti
ons.basic.code.tex)
(C:\Users\Marouen\AppData\Roaming\MiKTeX\2.9\tex\generic\pgf\math\pgfmathfuncti
ons.trigonometric.code.tex)
(C:\Users\Marouen\AppData\Roaming\MiKTeX\2.9\tex\generic\pgf\math\pgfmathfuncti
ons.random.code.tex)
(C:\Users\Marouen\AppData\Roaming\MiKTeX\2.9\tex\generic\pgf\math\pgfmathfuncti
ons.comparison.code.tex)
(C:\Users\Marouen\AppData\Roaming\MiKTeX\2.9\tex\generic\pgf\math\pgfmathfuncti
ons.base.code.tex)
(C:\Users\Marouen\AppData\Roaming\MiKTeX\2.9\tex\generic\pgf\math\pgfmathfuncti
ons.round.code.tex)
(C:\Users\Marouen\AppData\Roaming\MiKTeX\2.9\tex\generic\pgf\math\pgfmathfuncti
ons.misc.code.tex)
(C:\Users\Marouen\AppData\Roaming\MiKTeX\2.9\tex\generic\pgf\math\pgfmathfuncti
ons.integerarithmetics.code.tex)))
(C:\Users\Marouen\AppData\Roaming\MiKTeX\2.9\tex\generic\pgf\math\pgfmathfloat.
code.tex
\c@pgfmathroundto@lastzeros=\count141
))
(C:\Users\Marouen\AppData\Roaming\MiKTeX\2.9\tex\generic\pgf\basiclayer\pgfcore
points.code.tex
File: pgfcorepoints.code.tex 2013/10/07  (rcs-revision 1.27)
\pgf@picminx=\dimen157
\pgf@picmaxx=\dimen158
\pgf@picminy=\dimen159
\pgf@picmaxy=\dimen160
\pgf@pathminx=\dimen161
\pgf@pathmaxx=\dimen162
\pgf@pathminy=\dimen163
\pgf@pathmaxy=\dimen164
\pgf@xx=\dimen165
\pgf@xy=\dimen166
\pgf@yx=\dimen167
\pgf@yy=\dimen168
\pgf@zx=\dimen169
\pgf@zy=\dimen170
)
(C:\Users\Marouen\AppData\Roaming\MiKTeX\2.9\tex\generic\pgf\basiclayer\pgfcore
pathconstruct.code.tex
File: pgfcorepathconstruct.code.tex 2013/10/07  (rcs-revision 1.29)
\pgf@path@lastx=\dimen171
\pgf@path@lasty=\dimen172
)
(C:\Users\Marouen\AppData\Roaming\MiKTeX\2.9\tex\generic\pgf\basiclayer\pgfcore
pathusage.code.tex
File: pgfcorepathusage.code.tex 2013/12/13  (rcs-revision 1.23)
\pgf@shorten@end@additional=\dimen173
\pgf@shorten@start@additional=\dimen174
)
(C:\Users\Marouen\AppData\Roaming\MiKTeX\2.9\tex\generic\pgf\basiclayer\pgfcore
scopes.code.tex
File: pgfcorescopes.code.tex 2013/10/09  (rcs-revision 1.44)
\pgfpic=\box62
\pgf@hbox=\box63
\pgf@layerbox@main=\box64
\pgf@picture@serial@count=\count142
)
(C:\Users\Marouen\AppData\Roaming\MiKTeX\2.9\tex\generic\pgf\basiclayer\pgfcore
graphicstate.code.tex
File: pgfcoregraphicstate.code.tex 2013/09/19  (rcs-revision 1.11)
\pgflinewidth=\dimen175
)
(C:\Users\Marouen\AppData\Roaming\MiKTeX\2.9\tex\generic\pgf\basiclayer\pgfcore
transformations.code.tex
File: pgfcoretransformations.code.tex 2013/10/10  (rcs-revision 1.17)
\pgf@pt@x=\dimen176
\pgf@pt@y=\dimen177
\pgf@pt@temp=\dimen178
)
(C:\Users\Marouen\AppData\Roaming\MiKTeX\2.9\tex\generic\pgf\basiclayer\pgfcore
quick.code.tex
File: pgfcorequick.code.tex 2008/10/09  (rcs-revision 1.3)
)
(C:\Users\Marouen\AppData\Roaming\MiKTeX\2.9\tex\generic\pgf\basiclayer\pgfcore
objects.code.tex
File: pgfcoreobjects.code.tex 2006/10/11  (rcs-revision 1.2)
)
(C:\Users\Marouen\AppData\Roaming\MiKTeX\2.9\tex\generic\pgf\basiclayer\pgfcore
pathprocessing.code.tex
File: pgfcorepathprocessing.code.tex 2013/09/09  (rcs-revision 1.9)
)
(C:\Users\Marouen\AppData\Roaming\MiKTeX\2.9\tex\generic\pgf\basiclayer\pgfcore
arrows.code.tex
File: pgfcorearrows.code.tex 2013/11/07  (rcs-revision 1.40)
\pgfarrowsep=\dimen179
)
(C:\Users\Marouen\AppData\Roaming\MiKTeX\2.9\tex\generic\pgf\basiclayer\pgfcore
shade.code.tex
File: pgfcoreshade.code.tex 2013/07/15  (rcs-revision 1.15)
\pgf@max=\dimen180
\pgf@sys@shading@range@num=\count143
)
(C:\Users\Marouen\AppData\Roaming\MiKTeX\2.9\tex\generic\pgf\basiclayer\pgfcore
image.code.tex
File: pgfcoreimage.code.tex 2013/07/15  (rcs-revision 1.18)

(C:\Users\Marouen\AppData\Roaming\MiKTeX\2.9\tex\generic\pgf\basiclayer\pgfcore
external.code.tex
File: pgfcoreexternal.code.tex 2013/07/15  (rcs-revision 1.20)
\pgfexternal@startupbox=\box65
))
(C:\Users\Marouen\AppData\Roaming\MiKTeX\2.9\tex\generic\pgf\basiclayer\pgfcore
layers.code.tex
File: pgfcorelayers.code.tex 2013/07/18  (rcs-revision 1.7)
)
(C:\Users\Marouen\AppData\Roaming\MiKTeX\2.9\tex\generic\pgf\basiclayer\pgfcore
transparency.code.tex
File: pgfcoretransparency.code.tex 2013/09/30  (rcs-revision 1.5)
)
(C:\Users\Marouen\AppData\Roaming\MiKTeX\2.9\tex\generic\pgf\basiclayer\pgfcore
patterns.code.tex
File: pgfcorepatterns.code.tex 2013/11/07  (rcs-revision 1.5)
)))
(C:\Users\Marouen\AppData\Roaming\MiKTeX\2.9\tex\generic\pgf\modules\pgfmodules
hapes.code.tex
File: pgfmoduleshapes.code.tex 2013/10/31  (rcs-revision 1.34)
\pgfnodeparttextbox=\box66
)
(C:\Users\Marouen\AppData\Roaming\MiKTeX\2.9\tex\generic\pgf\modules\pgfmodulep
lot.code.tex
File: pgfmoduleplot.code.tex 2013/07/31  (rcs-revision 1.12)
)
(C:\Users\Marouen\AppData\Roaming\MiKTeX\2.9\tex\latex\pgf\compatibility\pgfcom
p-version-0-65.sty
Package: pgfcomp-version-0-65 2007/07/03 v3.0.0 (rcs-revision 1.7)
\pgf@nodesepstart=\dimen181
\pgf@nodesepend=\dimen182
)
(C:\Users\Marouen\AppData\Roaming\MiKTeX\2.9\tex\latex\pgf\compatibility\pgfcom
p-version-1-18.sty
Package: pgfcomp-version-1-18 2007/07/23 v3.0.0 (rcs-revision 1.1)
))
(C:\Users\Marouen\AppData\Roaming\MiKTeX\2.9\tex\latex\pgf\utilities\pgffor.sty

(C:\Users\Marouen\AppData\Roaming\MiKTeX\2.9\tex\latex\pgf\utilities\pgfkeys.st
y
(C:\Users\Marouen\AppData\Roaming\MiKTeX\2.9\tex\generic\pgf\utilities\pgfkeys.
code.tex))
(C:\Users\Marouen\AppData\Roaming\MiKTeX\2.9\tex\latex\pgf\math\pgfmath.sty
(C:\Users\Marouen\AppData\Roaming\MiKTeX\2.9\tex\generic\pgf\math\pgfmath.code.
tex))
(C:\Users\Marouen\AppData\Roaming\MiKTeX\2.9\tex\generic\pgf\utilities\pgffor.c
ode.tex
Package: pgffor 2013/12/13 v3.0.0 (rcs-revision 1.25)

(C:\Users\Marouen\AppData\Roaming\MiKTeX\2.9\tex\generic\pgf\math\pgfmath.code.
tex)
\pgffor@iter=\dimen183
\pgffor@skip=\dimen184
\pgffor@stack=\toks36
\pgffor@toks=\toks37
))
(C:\Users\Marouen\AppData\Roaming\MiKTeX\2.9\tex\generic\pgf\frontendlayer\tikz
\tikz.code.tex
Package: tikz 2013/12/13 v3.0.0 (rcs-revision 1.142)

(C:\Users\Marouen\AppData\Roaming\MiKTeX\2.9\tex\generic\pgf\libraries\pgflibra
ryplothandlers.code.tex
File: pgflibraryplothandlers.code.tex 2013/08/31 v3.0.0 (rcs-revision 1.20)
\pgf@plot@mark@count=\count144
\pgfplotmarksize=\dimen185
)
\tikz@lastx=\dimen186
\tikz@lasty=\dimen187
\tikz@lastxsaved=\dimen188
\tikz@lastysaved=\dimen189
\tikzleveldistance=\dimen190
\tikzsiblingdistance=\dimen191
\tikz@figbox=\box67
\tikz@figbox@bg=\box68
\tikz@tempbox=\box69
\tikz@tempbox@bg=\box70
\tikztreelevel=\count145
\tikznumberofchildren=\count146
\tikznumberofcurrentchild=\count147
\tikz@fig@count=\count148

(C:\Users\Marouen\AppData\Roaming\MiKTeX\2.9\tex\generic\pgf\modules\pgfmodulem
atrix.code.tex
File: pgfmodulematrix.code.tex 2013/09/17  (rcs-revision 1.8)
\pgfmatrixcurrentrow=\count149
\pgfmatrixcurrentcolumn=\count150
\pgf@matrix@numberofcolumns=\count151
)
\tikz@expandcount=\count152

(C:\Users\Marouen\AppData\Roaming\MiKTeX\2.9\tex\generic\pgf\frontendlayer\tikz
\libraries\tikzlibrarytopaths.code.tex
File: tikzlibrarytopaths.code.tex 2008/06/17 v3.0.0 (rcs-revision 1.2)
)))
(C:\Users\Marouen\AppData\Roaming\MiKTeX\2.9\tex\generic\pgf\frontendlayer\tikz
\libraries\tikzlibraryshapes.code.tex
File: tikzlibraryshapes.code.tex 2008/01/09 v3.0.0 (rcs-revision 1.1)

(C:\Users\Marouen\AppData\Roaming\MiKTeX\2.9\tex\generic\pgf\frontendlayer\tikz
\libraries\tikzlibraryshapes.geometric.code.tex
File: tikzlibraryshapes.geometric.code.tex 2008/01/09 v3.0.0 (rcs-revision 1.1)


(C:\Users\Marouen\AppData\Roaming\MiKTeX\2.9\tex\generic\pgf\libraries\shapes\p
gflibraryshapes.geometric.code.tex
File: pgflibraryshapes.geometric.code.tex 2008/06/26 v3.0.0 (rcs-revision 1.1)
))
(C:\Users\Marouen\AppData\Roaming\MiKTeX\2.9\tex\generic\pgf\frontendlayer\tikz
\libraries\tikzlibraryshapes.misc.code.tex
File: tikzlibraryshapes.misc.code.tex 2008/01/09 v3.0.0 (rcs-revision 1.1)

(C:\Users\Marouen\AppData\Roaming\MiKTeX\2.9\tex\generic\pgf\libraries\shapes\p
gflibraryshapes.misc.code.tex
File: pgflibraryshapes.misc.code.tex 2013/07/18 v3.0.0 (rcs-revision 1.5)
))
(C:\Users\Marouen\AppData\Roaming\MiKTeX\2.9\tex\generic\pgf\frontendlayer\tikz
\libraries\tikzlibraryshapes.symbols.code.tex
File: tikzlibraryshapes.symbols.code.tex 2008/01/09 v3.0.0 (rcs-revision 1.1)

(C:\Users\Marouen\AppData\Roaming\MiKTeX\2.9\tex\generic\pgf\libraries\shapes\p
gflibraryshapes.symbols.code.tex
File: pgflibraryshapes.symbols.code.tex 2013/09/11 v3.0.0 (rcs-revision 1.6)
))
(C:\Users\Marouen\AppData\Roaming\MiKTeX\2.9\tex\generic\pgf\frontendlayer\tikz
\libraries\tikzlibraryshapes.arrows.code.tex
File: tikzlibraryshapes.arrows.code.tex 2008/01/09 v3.0.0 (rcs-revision 1.1)

(C:\Users\Marouen\AppData\Roaming\MiKTeX\2.9\tex\generic\pgf\libraries\shapes\p
gflibraryshapes.arrows.code.tex
File: pgflibraryshapes.arrows.code.tex 2008/06/26 v3.0.0 (rcs-revision 1.1)
))
(C:\Users\Marouen\AppData\Roaming\MiKTeX\2.9\tex\generic\pgf\frontendlayer\tikz
\libraries\tikzlibraryshapes.callouts.code.tex
(C:\Users\Marouen\AppData\Roaming\MiKTeX\2.9\tex\generic\pgf\libraries\shapes\p
gflibraryshapes.callouts.code.tex))
(C:\Users\Marouen\AppData\Roaming\MiKTeX\2.9\tex\generic\pgf\frontendlayer\tikz
\libraries\tikzlibraryshapes.multipart.code.tex
File: tikzlibraryshapes.multipart.code.tex 2008/01/09 v3.0.0 (rcs-revision 1.1)


(C:\Users\Marouen\AppData\Roaming\MiKTeX\2.9\tex\generic\pgf\libraries\shapes\p
gflibraryshapes.multipart.code.tex
File: pgflibraryshapes.multipart.code.tex 2010/01/07 v3.0.0 (rcs-revision 1.2)
\pgfnodepartlowerbox=\box71
\pgfnodeparttwobox=\box72
\pgfnodepartthreebox=\box73
\pgfnodepartfourbox=\box74
\pgfnodeparttwentybox=\box75
\pgfnodepartnineteenbox=\box76
\pgfnodeparteighteenbox=\box77
\pgfnodepartseventeenbox=\box78
\pgfnodepartsixteenbox=\box79
\pgfnodepartfifteenbox=\box80
\pgfnodepartfourteenbox=\box81
\pgfnodepartthirteenbox=\box82
\pgfnodeparttwelvebox=\box83
\pgfnodepartelevenbox=\box84
\pgfnodeparttenbox=\box85
\pgfnodepartninebox=\box86
\pgfnodeparteightbox=\box87
\pgfnodepartsevenbox=\box88
\pgfnodepartsixbox=\box89
\pgfnodepartfivebox=\box90
)))
(C:\Users\Marouen\AppData\Roaming\MiKTeX\2.9\tex\generic\pgf\frontendlayer\tikz
\libraries\tikzlibrarypositioning.code.tex
File: tikzlibrarypositioning.code.tex 2008/10/06 v3.0.0 (rcs-revision 1.7)
)
(C:\Users\Marouen\AppData\Roaming\MiKTeX\2.9\tex\latex\lipsum\lipsum.sty
Package: lipsum 2014/07/27 v1.3 150 paragraphs of Lorem Ipsum dummy text
\c@lips@count=\count153
)
(C:\Users\Marouen\AppData\Roaming\MiKTeX\2.9\tex\latex\ean13isbn\ean13isbn.sty
Package: ean13isbn 2008/06/20 EAN13 with ISBN
Package ean13isbn Info: $Id: ean13isbn.sty 208 2008-06-19 23:25:37Z zw $.

("D:\Program Files (x86)\MiKTeX 2.9\tex\latex\oberdiek\kvoptions.sty"
Package: kvoptions 2011/06/30 v3.11 Key value format for package options (HO)

("D:\Program Files (x86)\MiKTeX 2.9\tex\generic\oberdiek\kvsetkeys.sty"
Package: kvsetkeys 2012/04/25 v1.16 Key value parser (HO)

("D:\Program Files (x86)\MiKTeX 2.9\tex\generic\oberdiek\etexcmds.sty"
Package: etexcmds 2011/02/16 v1.5 Avoid name clashes with e-TeX commands (HO)
Package etexcmds Info: Could not find \expanded.
(etexcmds)             That can mean that you are not using pdfTeX 1.50 or
(etexcmds)             that some package has redefined \expanded.
(etexcmds)             In the latter case, load this package earlier.
)))
(C:\Users\Marouen\AppData\Roaming\MiKTeX\2.9\tex\generic\ean\ean13.tex
The EAN-13 barcodes macro. Copyright (C) Petr Olsak, 1995
\numlines=\count154
\nummodules=\count155
\numdigit=\count156
\evensum=\count157
\oddsum=\count158
\X=\dimen192
\bcorr=\dimen193
\workdimen=\dimen194
\barheight=\dimen195
)
\zw@isbnfsize=\dimen196
)
("D:\Program Files (x86)\MiKTeX 2.9\tex\latex\hyperref\hyperref.sty"
Package: hyperref 2012/11/06 v6.83m Hypertext links for LaTeX

("D:\Program Files (x86)\MiKTeX 2.9\tex\generic\oberdiek\hobsub-hyperref.sty"
Package: hobsub-hyperref 2012/04/25 v1.12 Bundle oberdiek, subset hyperref (HO)


("D:\Program Files (x86)\MiKTeX 2.9\tex\generic\oberdiek\hobsub-generic.sty"
Package: hobsub-generic 2012/04/25 v1.12 Bundle oberdiek, subset generic (HO)
Package: hobsub 2012/04/25 v1.12 Construct package bundles (HO)
Package hobsub Info: Skipping package `infwarerr' (already loaded).
Package hobsub Info: Skipping package `ltxcmds' (already loaded).
Package hobsub Info: Skipping package `ifluatex' (already loaded).
Package: ifvtex 2010/03/01 v1.5 Detect VTeX and its facilities (HO)
Package ifvtex Info: VTeX not detected.
Package: intcalc 2007/09/27 v1.1 Expandable calculations with integers (HO)
Package hobsub Info: Skipping package `ifpdf' (already loaded).
Package hobsub Info: Skipping package `etexcmds' (already loaded).
Package hobsub Info: Skipping package `kvsetkeys' (already loaded).
Package: kvdefinekeys 2011/04/07 v1.3 Define keys (HO)
Package hobsub Info: Skipping package `pdftexcmds' (already loaded).
Package hobsub Info: Skipping package `pdfescape' (already loaded).
Package: bigintcalc 2012/04/08 v1.3 Expandable calculations on big integers (HO
)
Package: bitset 2011/01/30 v1.1 Handle bit-vector datatype (HO)
Package: uniquecounter 2011/01/30 v1.2 Provide unlimited unique counter (HO)
)
Package hobsub Info: Skipping package `hobsub' (already loaded).
Package: letltxmacro 2010/09/02 v1.4 Let assignment for LaTeX macros (HO)
Package: hopatch 2011/06/24 v1.1 Wrapper for package hooks (HO)
Package: xcolor-patch 2011/01/30 xcolor patch
Package: atveryend 2011/06/30 v1.8 Hooks at the very end of document (HO)
Package atveryend Info: \enddocument detected (standard20110627).
Package hobsub Info: Skipping package `atbegshi' (already loaded).
Package: refcount 2011/10/16 v3.4 Data extraction from label references (HO)
Package: hycolor 2011/01/30 v1.7 Color options for hyperref/bookmark (HO)
)
("D:\Program Files (x86)\MiKTeX 2.9\tex\generic\ifxetex\ifxetex.sty"
Package: ifxetex 2010/09/12 v0.6 Provides ifxetex conditional
)
("D:\Program Files (x86)\MiKTeX 2.9\tex\latex\oberdiek\auxhook.sty"
Package: auxhook 2011/03/04 v1.3 Hooks for auxiliary files (HO)
)
\@linkdim=\dimen197
\Hy@linkcounter=\count159
\Hy@pagecounter=\count160

("D:\Program Files (x86)\MiKTeX 2.9\tex\latex\hyperref\pd1enc.def"
File: pd1enc.def 2012/11/06 v6.83m Hyperref: PDFDocEncoding definition (HO)
)
\Hy@SavedSpaceFactor=\count161

("D:\Program Files (x86)\MiKTeX 2.9\tex\latex\00miktex\hyperref.cfg"
File: hyperref.cfg 2002/06/06 v1.2 hyperref configuration of TeXLive
)
Package hyperref Info: Option `colorlinks' set `false' on input line 4319.
Package hyperref Info: Hyper figures OFF on input line 4443.
Package hyperref Info: Link nesting OFF on input line 4448.
Package hyperref Info: Hyper index ON on input line 4451.
Package hyperref Info: Plain pages OFF on input line 4458.
Package hyperref Info: Backreferencing OFF on input line 4463.
Package hyperref Info: Implicit mode ON; LaTeX internals redefined.
Package hyperref Info: Bookmarks ON on input line 4688.
\c@Hy@tempcnt=\count162

(C:\Users\Marouen\AppData\Roaming\MiKTeX\2.9\tex\latex\url\url.sty
\Urlmuskip=\muskip10
Package: url 2013/09/16  ver 3.4  Verb mode for urls, etc.
)
LaTeX Info: Redefining \url on input line 5041.
\XeTeXLinkMargin=\dimen198
\Fld@menulength=\count163
\Field@Width=\dimen199
\Fld@charsize=\dimen200
Package hyperref Info: Hyper figures OFF on input line 6295.
Package hyperref Info: Link nesting OFF on input line 6300.
Package hyperref Info: Hyper index ON on input line 6303.
Package hyperref Info: backreferencing OFF on input line 6310.
Package hyperref Info: Link coloring OFF on input line 6315.
Package hyperref Info: Link coloring with OCG OFF on input line 6320.
Package hyperref Info: PDF/A mode OFF on input line 6325.
LaTeX Info: Redefining \ref on input line 6365.
LaTeX Info: Redefining \pageref on input line 6369.
\Hy@abspage=\count164
\c@Item=\count165
\c@Hfootnote=\count166
)

Package hyperref Message: Driver (autodetected): hpdftex.

("D:\Program Files (x86)\MiKTeX 2.9\tex\latex\hyperref\hpdftex.def"
File: hpdftex.def 2012/11/06 v6.83m Hyperref driver for pdfTeX
\Fld@listcount=\count167
\c@bookmark@seq@number=\count168

("D:\Program Files (x86)\MiKTeX 2.9\tex\latex\oberdiek\rerunfilecheck.sty"
Package: rerunfilecheck 2011/04/15 v1.7 Rerun checks for auxiliary files (HO)
Package uniquecounter Info: New unique counter `rerunfilecheck' on input line 2
82.
)
\Hy@SectionHShift=\skip70
)
("D:\Program Files (x86)\MiKTeX 2.9\tex\latex\geometry\geometry.sty"
Package: geometry 2010/09/12 v5.6 Page Geometry
\Gm@cnth=\count169
\Gm@cntv=\count170
\c@Gm@tempcnt=\count171
\Gm@bindingoffset=\dimen201
\Gm@wd@mp=\dimen202
\Gm@odd@mp=\dimen203
\Gm@even@mp=\dimen204
\Gm@layoutwidth=\dimen205
\Gm@layoutheight=\dimen206
\Gm@layouthoffset=\dimen207
\Gm@layoutvoffset=\dimen208
\Gm@dimlist=\toks38

("D:\Program Files (x86)\MiKTeX 2.9\tex\latex\geometry\geometry.cfg"))
(C:\Users\Marouen\AppData\Roaming\MiKTeX\2.9\tex\latex\enumitem\enumitem.sty
Package: enumitem 2011/09/28 v3.5.2 Customized lists
\labelindent=\skip71
\enit@outerparindent=\dimen209
\enit@toks=\toks39
\enit@inbox=\box91
\enitdp@description=\count172
)
(C:\Users\Marouen\AppData\Roaming\MiKTeX\2.9\tex\latex\dingbat\dingbat.sty
Package: dingbat 2001/04/27 v1.00 Hands and other dingbats
)
(C:\Users\Marouen\AppData\Roaming\MiKTeX\2.9\tex\latex\tikz-inet\tikz-inet.sty
Package: tikz-inet 2008/06/02 v0.1 tikz interaction nets library

(C:\Users\Marouen\AppData\Roaming\MiKTeX\2.9\tex\generic\pgf\frontendlayer\tikz
\libraries\tikzlibraryshadows.code.tex
File: tikzlibraryshadows.code.tex 2008/01/13 v3.0.0 (rcs-revision 1.3)

(C:\Users\Marouen\AppData\Roaming\MiKTeX\2.9\tex\generic\pgf\frontendlayer\tikz
\libraries\tikzlibraryfadings.code.tex
File: tikzlibraryfadings.code.tex 2009/11/15 v3.0.0 (rcs-revision 1.2)

(C:\Users\Marouen\AppData\Roaming\MiKTeX\2.9\tex\generic\pgf\libraries\pgflibra
ryfadings.code.tex
File: pgflibraryfadings.code.tex 2008/02/07 v3.0.0 (rcs-revision 1.3)
)))
(C:\Users\Marouen\AppData\Roaming\MiKTeX\2.9\tex\generic\pgf\frontendlayer\tikz
\libraries\tikzlibrarymatrix.code.tex
File: tikzlibrarymatrix.code.tex 2013/07/12 v3.0.0 (rcs-revision 1.4)
)
(C:\Users\Marouen\AppData\Roaming\MiKTeX\2.9\tex\generic\pgf\frontendlayer\tikz
\libraries\tikzlibraryfit.code.tex
File: tikzlibraryfit.code.tex 2013/07/12 v3.0.0 (rcs-revision 1.5)
)
\inet@angle=\count173
\pgf@layerbox@wire layer=\box92
\pgf@layerboxsaved@wire layer=\box93
\pgf@layerbox@box layer=\box94
\pgf@layerboxsaved@box layer=\box95
)
(C:\Users\Marouen\AppData\Roaming\MiKTeX\2.9\tex\latex\tikz-3dplot\tikz-3dplot.
sty
(C:\Users\Marouen\AppData\Roaming\MiKTeX\2.9\tex\generic\pgf\frontendlayer\tikz
\libraries\tikzlibrarycalc.code.tex
File: tikzlibrarycalc.code.tex 2013/07/15 v3.0.0 (rcs-revision 1.9)
)
(C:\Users\Marouen\AppData\Roaming\MiKTeX\2.9\tex\generic\pgf\frontendlayer\tikz
\libraries\tikzlibrary3d.code.tex
File: tikzlibrary3d.code.tex 2013/07/17 v3.0.0 (rcs-revision 1.2)
)
(C:\Users\Marouen\AppData\Roaming\MiKTeX\2.9\tex\generic\pgf\frontendlayer\tikz
\libraries\tikzlibraryarrows.code.tex
File: tikzlibraryarrows.code.tex 2008/01/09 v3.0.0 (rcs-revision 1.1)

(C:\Users\Marouen\AppData\Roaming\MiKTeX\2.9\tex\generic\pgf\libraries\pgflibra
ryarrows.code.tex
File: pgflibraryarrows.code.tex 2013/09/23 v3.0.0 (rcs-revision 1.16)
\arrowsize=\dimen210
)))
(C:\Users\Marouen\AppData\Roaming\MiKTeX\2.9\tex\latex\listings\lstlang1.sty
File: lstlang1.sty 2014/09/06 1.5e listings language file
)
(C:\Users\Marouen\AppData\Roaming\MiKTeX\2.9\tex\latex\listings\lstlang2.sty
File: lstlang2.sty 2014/09/06 1.5e listings language file
)
(C:\Users\Marouen\AppData\Roaming\MiKTeX\2.9\tex\latex\listings\lstlang3.sty
File: lstlang3.sty 2014/09/06 1.5e listings language file
)
(C:\Users\Marouen\AppData\Roaming\MiKTeX\2.9\tex\latex\listings\lstlang1.sty
File: lstlang1.sty 2014/09/06 1.5e listings language file
)
(C:\Users\Marouen\AppData\Roaming\MiKTeX\2.9\tex\latex\listings\lstlang2.sty
File: lstlang2.sty 2014/09/06 1.5e listings language file
)
(C:\Users\Marouen\AppData\Roaming\MiKTeX\2.9\tex\latex\listings\lstlang3.sty
File: lstlang3.sty 2014/09/06 1.5e listings language file
)
(C:\Users\Marouen\AppData\Roaming\MiKTeX\2.9\tex\latex\listings\lstlang1.sty
File: lstlang1.sty 2014/09/06 1.5e listings language file
)
(C:\Users\Marouen\AppData\Roaming\MiKTeX\2.9\tex\latex\listings\lstlang2.sty
File: lstlang2.sty 2014/09/06 1.5e listings language file
)
(C:\Users\Marouen\AppData\Roaming\MiKTeX\2.9\tex\latex\listings\lstlang3.sty
File: lstlang3.sty 2014/09/06 1.5e listings language file
)
(C:\Users\Marouen\AppData\Roaming\MiKTeX\2.9\tex\latex\listings\lstmisc.sty
File: lstmisc.sty 2014/09/06 1.5e (Carsten Heinz)
)
\enitdp@dingo=\count174

(C:\Users\Marouen\AppData\Roaming\MiKTeX\2.9\tex\latex\titlesec\ttlkeys.def
File: ttlkeys.def 2011/12/15
\c@ttlp@side=\count175
\ttlp@side=\count176
)
\pagenumwidth=\skip72
)
(C:\Users\Marouen\Documents\GitHub\Freeways-Magazine\FreeMagNew2015.aux
(C:\Users\Marouen\Documents\GitHub\Freeways-Magazine\article/ADB.aux)
(C:\Users\Marouen\Documents\GitHub\Freeways-Magazine\article/NanoTek.aux))
LaTeX Font Info:    Checking defaults for OML/cmm/m/it on input line 6.
LaTeX Font Info:    ... okay on input line 6.
LaTeX Font Info:    Checking defaults for T1/cmr/m/n on input line 6.
LaTeX Font Info:    ... okay on input line 6.
LaTeX Font Info:    Checking defaults for OT1/cmr/m/n on input line 6.
LaTeX Font Info:    ... okay on input line 6.
LaTeX Font Info:    Checking defaults for OMS/pzccm/m/n on input line 6.
LaTeX Font Info:    Try loading font information for OMS+pzccm on input line 6.


("D:\Program Files (x86)\MiKTeX 2.9\tex\latex\psnfss\omspzccm.fd"
File: omspzccm.fd 2000/01/03 Fontinst v1.801 font definitions for OMS/pzccm.
)
LaTeX Font Info:    ... okay on input line 6.
LaTeX Font Info:    Checking defaults for OMX/cmex/m/n on input line 6.
LaTeX Font Info:    ... okay on input line 6.
LaTeX Font Info:    Checking defaults for U/cmr/m/n on input line 6.
LaTeX Font Info:    ... okay on input line 6.
LaTeX Font Info:    Checking defaults for PD1/pdf/m/n on input line 6.
LaTeX Font Info:    ... okay on input line 6.
LaTeX Font Info:    Try loading font information for T1+bch on input line 6.

("D:\Program Files (x86)\MiKTeX 2.9\tex\latex\psnfss\t1bch.fd"
File: t1bch.fd 2004/10/18 font definitions for T1/bch.
)
\AtBeginShipoutBox=\box96

(C:\Users\Marouen\AppData\Roaming\MiKTeX\2.9\tex\context\base\supp-pdf.mkii
[Loading MPS to PDF converter (version 2006.09.02).]
\scratchcounter=\count177
\scratchdimen=\dimen211
\scratchbox=\box97
\nofMPsegments=\count178
\nofMParguments=\count179
\everyMPshowfont=\toks40
\MPscratchCnt=\count180
\MPscratchDim=\dimen212
\MPnumerator=\count181
\makeMPintoPDFobject=\count182
\everyMPtoPDFconversion=\toks41
)
\c@lstlisting=\count183
 ABD: EveryShipout initializing macros
Package hyperref Info: Link coloring OFF on input line 6.

("D:\Program Files (x86)\MiKTeX 2.9\tex\latex\hyperref\nameref.sty"
Package: nameref 2012/10/27 v2.43 Cross-referencing by name of section

("D:\Program Files (x86)\MiKTeX 2.9\tex\generic\oberdiek\gettitlestring.sty"
Package: gettitlestring 2010/12/03 v1.4 Cleanup title references (HO)
)
\c@section@level=\count184
)
LaTeX Info: Redefining \ref on input line 6.
LaTeX Info: Redefining \pageref on input line 6.
LaTeX Info: Redefining \nameref on input line 6.

(C:\Users\Marouen\Documents\GitHub\Freeways-Magazine\FreeMagNew2015.out)
(C:\Users\Marouen\Documents\GitHub\Freeways-Magazine\FreeMagNew2015.out)
\@outlinefile=\write5

*geometry* driver: auto-detecting
*geometry* detected driver: pdftex
*geometry* verbose mode - [ preamble ] result:
* driver: pdftex
* paper: custom
* layout: <same size as paper>
* layoutoffset:(h,v)=(0.0pt,0.0pt)
* modes: twoside 
* h-part:(L,W,R)=(65.44133pt, 497.92323pt, 51.21495pt)
* v-part:(T,H,B)=(65.44133pt, 731.23584pt, 65.44133pt)
* \paperwidth=614.57951pt
* \paperheight=862.1185pt
* \textwidth=497.92323pt
* \textheight=731.23584pt
* \oddsidemargin=-6.82866pt
* \evensidemargin=-21.05504pt
* \topmargin=-40.34558pt
* \headheight=13.6pt
* \headsep=19.91692pt
* \topskip=11.0pt
* \footskip=28.45274pt
* \marginparwidth=116.0pt
* \marginparsep=7.0pt
* \columnsep=10.0pt
* \skip\footins=10.0pt plus 4.0pt minus 2.0pt
* \hoffset=0.0pt
* \voffset=0.0pt
* \mag=1000
* \@twocolumnfalse
* \@twosidetrue
* \@mparswitchtrue
* \@reversemarginfalse
* (1in=72.27pt=25.4mm, 1cm=28.453pt)

<./image/155.jpg, id=41, 737.75626pt x 1027.84pt>
File: ./image/155.jpg Graphic file (type jpg)
 <use ./image/155.jpg>
Package pdftex.def Info: ./image/155.jpg used on input line 10.
(pdftex.def)             Requested size: 614.57773pt x 856.22803pt.

[1


{C:/Users/Marouen/AppData/Local/MiKTeX/2.9/pdftex/config/pdftex.map} <C:/Users/
Marouen/Documents/GitHub/Freeways-Magazine/image/155.jpg>] [2

]
(C:\Users\Marouen\Documents\GitHub\Freeways-Magazine\FreeMagNew2015.toc)
\tf@toc=\write6
LaTeX Font Info:    Font shape `T1/phv/m/n' will be
(Font)              scaled to size 9.85492pt on input line 10.
LaTeX Font Info:    Font shape `T1/phv/b/n' will be
(Font)              scaled to size 9.85492pt on input line 10.
LaTeX Font Info:    Font shape `T1/phv/b/n' will be
(Font)              scaled to size 8.99994pt on input line 10.

[3

] [4

] (C:\Users\Marouen\Documents\GitHub\Freeways-Magazine\article/ADB.tex
Chapter 1.
LaTeX Font Info:    Try loading font information for T1+augie on input line 6.
(C:\Users\Marouen\AppData\Roaming\MiKTeX\2.9\tex\latex\augie\t1augie.fd
File: t1augie.fd 2000/10/19 Fontinst v1.914 font definitions for T1/augie.
)
LaTeX Font Info:    Try loading font information for OMS+bch on input line 22.

("D:\Program Files (x86)\MiKTeX 2.9\tex\latex\psnfss\omsbch.fd"
File: omsbch.fd 
)
LaTeX Font Info:    Font shape `OMS/bch/m/n' in size <10.95> not available
(Font)              Font shape `OMS/cmsy/m/n' tried instead on input line 22.

<./image/adbfile.jpg, id=64, 459.7175pt x 330.23375pt>
File: ./image/adbfile.jpg Graphic file (type jpg)

<use ./image/adbfile.jpg>
Package pdftex.def Info: ./image/adbfile.jpg used on input line 31.
(pdftex.def)             Requested size: 199.16928pt x 143.07103pt.

Underfull \hbox (badness 10000) in paragraph at lines 34--35

 []


Overfull \vbox (36.831pt too high) has occurred while \output is active []


<./image/adb-sideload.jpg, id=65, 843.15pt x 391.4625pt>
File: ./image/adb-sideload.jpg Graphic file (type jpg)

<use ./image/adb-sideload.jpg>
Package pdftex.def Info: ./image/adb-sideload.jpg used on input line 35.
(pdftex.def)             Requested size: 614.5938pt x 285.3471pt.
 [1


 <C:/Users/Marouen/Documents/GitHub/Freeways-Magazine/image/adb-sideload.jpg> <
C:/Users/Marouen/Documents/GitHub/Freeways-Magazine/image/adbfile.jpg>]
LaTeX Font Info:    Try loading font information for OT1+ptmcm on input line 36
.

("D:\Program Files (x86)\MiKTeX 2.9\tex\latex\psnfss\ot1ptmcm.fd"
File: ot1ptmcm.fd 2000/01/03 Fontinst v1.801 font definitions for OT1/ptmcm.
)
LaTeX Font Info:    Try loading font information for OML+ptmcm on input line 36
.

("D:\Program Files (x86)\MiKTeX 2.9\tex\latex\psnfss\omlptmcm.fd"
File: omlptmcm.fd 2000/01/03 Fontinst v1.801 font definitions for OML/ptmcm.
)
LaTeX Font Info:    Try loading font information for OMX+psycm on input line 36
.

("D:\Program Files (x86)\MiKTeX 2.9\tex\latex\psnfss\omxpsycm.fd"
File: omxpsycm.fd 2000/01/03 Fontinst v1.801 font definitions for OMX/psycm.
)
LaTeX Font Info:    Font shape `OT1/ptm/bx/n' in size <10.95> not available
(Font)              Font shape `OT1/ptm/b/n' tried instead on input line 36.
LaTeX Font Info:    Font shape `OT1/ptm/bx/n' in size <8> not available
(Font)              Font shape `OT1/ptm/b/n' tried instead on input line 36.
LaTeX Font Info:    Font shape `OT1/ptm/bx/n' in size <6> not available
(Font)              Font shape `OT1/ptm/b/n' tried instead on input line 36.

Underfull \hbox (badness 10000) in paragraph at lines 36--37

 []


Underfull \hbox (badness 10000) in paragraph at lines 38--39
\T1/bch/m/n/10.95 sera : []\T1/bch/b/n/10.95 E:$\OMS/pzccm/m/n/10.95 n$\T1/bch/
b/n/10.95 Windows ; E:$\OMS/pzccm/m/n/10.95 n$\T1/bch/b/n/10.95 android-sdk-
 []


Underfull \hbox (badness 10000) in paragraph at lines 40--41

 []

<./image/adbdos.jpg, id=75, 671.50874pt x 224.84pt>
File: ./image/adbdos.jpg Graphic file (type jpg)
 <use ./image/adbdos.jpg>
Package pdftex.def Info: ./image/adbdos.jpg used on input line 43.
(pdftex.def)             Requested size: 227.62204pt x 76.21472pt.

Underfull \hbox (badness 10000) in paragraph at lines 50--53

 []


Underfull \hbox (badness 10000) in paragraph at lines 60--61
\T1/bch/m/n/10.95 git-repo (néces-saire pour récupérer les
 []

LaTeX Font Info:    Try loading font information for U+mvs on input line 80.
(C:\Users\Marouen\AppData\Roaming\MiKTeX\2.9\tex\latex\marvosym\umvs.fd)
LaTeX Font Info:    Font shape `OT1/ptm/bx/n' in size <10> not available
(Font)              Font shape `OT1/ptm/b/n' tried instead on input line 88.
LaTeX Font Info:    Font shape `OT1/ptm/bx/n' in size <7.4> not available
(Font)              Font shape `OT1/ptm/b/n' tried instead on input line 88.
)
LaTeX Font Info:    Font shape `T1/phv/m/it' in size <10.95> not available
(Font)              Font shape `T1/phv/m/sl' tried instead on input line 23.
LaTeX Font Info:    Font shape `T1/phv/m/sl' will be
(Font)              scaled to size 9.85492pt on input line 23.
LaTeX Font Info:    Font shape `T1/phv/m/it' in size <10> not available
(Font)              Font shape `T1/phv/m/sl' tried instead on input line 23.
LaTeX Font Info:    Font shape `T1/phv/m/sl' will be
(Font)              scaled to size 8.99994pt on input line 23.

[2 <C:/Users/Marouen/Documents/GitHub/Freeways-Magazine/image/adbdos.jpg>]
(C:\Users\Marouen\Documents\GitHub\Freeways-Magazine\article/NanoTek.tex
Chapter 2.

Underfull \hbox (badness 10000) in paragraph at lines 9--10

 []


Underfull \hbox (badness 10000) in paragraph at lines 12--13

 []


Underfull \hbox (badness 10000) in paragraph at lines 15--16

 []


Underfull \hbox (badness 10000) in paragraph at lines 17--18

 []


Underfull \hbox (badness 10000) in paragraph at lines 20--21

 []

) <./image/nano.jpeg, id=83, 1927.2pt x 1084.05pt>
File: ./image/nano.jpeg Graphic file (type jpg)
 <use ./image/nano.jpeg>
Package pdftex.def Info: ./image/nano.jpeg used on input line 24.
(pdftex.def)             Requested size: 614.56993pt x 345.69557pt.

[3



 <C:/Users/Marouen/Documents/GitHub/Freeways-Magazine/image/nano.jpeg>]
Underfull \hbox (badness 10000) in paragraph at lines 26--26

 []


Underfull \hbox (badness 10000) in paragraph at lines 26--26

 []

[4

]
Package atveryend Info: Empty hook `BeforeClearDocument' on input line 28.
Package atveryend Info: Empty hook `AfterLastShipout' on input line 28.
 (C:\Users\Marouen\Documents\GitHub\Freeways-Magazine\FreeMagNew2015.aux
(C:\Users\Marouen\Documents\GitHub\Freeways-Magazine\article/ADB.aux)
(C:\Users\Marouen\Documents\GitHub\Freeways-Magazine\article/NanoTek.aux))
Package atveryend Info: Executing hook `AtVeryEndDocument' on input line 28.
Package atveryend Info: Executing hook `AtEndAfterFileList' on input line 28.
Package rerunfilecheck Info: File `FreeMagNew2015.out' has not changed.
(rerunfilecheck)             Checksum: BEF60804B14D1EF07B4BE143F730C46F;129.
Package atveryend Info: Empty hook `AtVeryVeryEnd' on input line 28.
 ) 
Here is how much of TeX's memory you used:
 23366 strings out of 493921
 453230 string characters out of 3144870
 713597 words of memory out of 3000000
 26081 multiletter control sequences out of 15000+200000
 76245 words of font info for 98 fonts, out of 3000000 for 9000
 841 hyphenation exceptions out of 8191
 62i,16n,82p,850b,972s stack positions out of 5000i,500n,10000p,200000b,50000s
{D:/Program Files (x86)/MiKTeX 2.9/fonts/enc/dvips/fontname/8r.enc}<<C:/Users
/Marouen/AppData/Roaming/MiKTeX/2.9/fonts/type1/public/augie/augie___.pfb>><C:/
Users/Marouen/AppData/Roaming/MiKTeX/2.9/fonts/type1/bitstrea/charter/bchb8a.pf
b><C:/Users/Marouen/AppData/Roaming/MiKTeX/2.9/fonts/type1/bitstrea/charter/bch
r8a.pfb><D:/Program Files (x86)/MiKTeX 2.9/fonts/type1/public/amsfonts/cm/cmsy1
0.pfb><C:/Users/Marouen/AppData/Roaming/MiKTeX/2.9/fonts/type1/public/marvosym/
marvosym.pfb><D:/Program Files (x86)/MiKTeX 2.9/fonts/type1/urw/courier/ucrb8a.
pfb><D:/Program Files (x86)/MiKTeX 2.9/fonts/type1/urw/courier/ucrr8a.pfb><D:/P
rogram Files (x86)/MiKTeX 2.9/fonts/type1/urw/helvetic/uhvb8a.pfb><D:/Program F
iles (x86)/MiKTeX 2.9/fonts/type1/urw/helvetic/uhvro8a.pfb><D:/Program Files (x
86)/MiKTeX 2.9/fonts/type1/urw/zapfding/uzdr.pfb>
Output written on FreeMagNew2015.pdf (8 pages, 2423318 bytes).
PDF statistics:
 131 PDF objects out of 1000 (max. 8388607)
 12 named destinations out of 1000 (max. 500000)
 162 words of extra memory for PDF output out of 10000 (max. 10000000)

